<?xml version="1.0" encoding="UTF-8"?>
<!-- Generated by org.testng.reporters.JUnitReportReporter -->
<testsuite hostname="DESKTOP-U16V6V7" failures="0" tests="1" name="PractisePackage.FacebookLoginTest" time="11.748" errors="0" timestamp="18 Aug 2019 15:04:38 GMT" skipped="0">
  <testcase classname="PractisePackage.FacebookLoginTest" name="Loginpage" time="11.748"/>
</testsuite> <!-- PractisePackage.FacebookLoginTest -->
