<?xml version="1.0" encoding="UTF-8"?>
<!-- Generated by org.testng.reporters.JUnitReportReporter -->
<testsuite hostname="DESKTOP-U16V6V7" failures="0" tests="1" name="PractisePackage.TestngPractiseTwo" time="0.037" errors="0" timestamp="20 Aug 2019 00:23:31 GMT" skipped="0">
  <testcase classname="PractisePackage.TestngPractiseTwo" name="fun22" time="0.037"/>
</testsuite> <!-- PractisePackage.TestngPractiseTwo -->
