<?xml version="1.0" encoding="UTF-8"?>
<!-- Generated by org.testng.reporters.JUnitReportReporter -->
<testsuite hostname="DESKTOP-U16V6V7" failures="0" tests="2" name="PractisePackage.TestngPractise" time="0.012" errors="0" timestamp="19 Aug 2019 23:58:34 GMT" skipped="0">
  <testcase classname="PractisePackage.TestngPractise" name="fun1" time="0.009"/>
  <testcase classname="PractisePackage.TestngPractise" name="fun2" time="0.003"/>
</testsuite> <!-- PractisePackage.TestngPractise -->
