<?xml version="1.0" encoding="UTF-8"?>
<!-- Generated by org.testng.reporters.JUnitReportReporter -->
<testsuite hostname="DESKTOP-U16V6V7" failures="0" tests="3" name="PractisePackage.TestngPractiseTwo" time="0.004" errors="0" timestamp="23 Aug 2019 17:09:44 GMT" skipped="0">
  <testcase classname="PractisePackage.TestngPractiseTwo" name="fun12" time="0.004"/>
  <testcase classname="PractisePackage.TestngPractiseTwo" name="fun22" time="0.000"/>
  <testcase classname="PractisePackage.TestngPractiseTwo" name="fun33" time="0.000"/>
</testsuite> <!-- PractisePackage.TestngPractiseTwo -->
